Traceback (most recent call last):
  File "/opt/hostedtoolcache/Python/3.7.13/x64/lib/python3.7/site-packages/jupyter_cache/executors/utils.py", line 56, in single_nb_execution
    record_timing=False,
  File "/opt/hostedtoolcache/Python/3.7.13/x64/lib/python3.7/site-packages/nbclient/client.py", line 1204, in execute
    return NotebookClient(nb=nb, resources=resources, km=km, **kwargs).execute()
  File "/opt/hostedtoolcache/Python/3.7.13/x64/lib/python3.7/site-packages/nbclient/util.py", line 84, in wrapped
    return just_run(coro(*args, **kwargs))
  File "/opt/hostedtoolcache/Python/3.7.13/x64/lib/python3.7/site-packages/nbclient/util.py", line 62, in just_run
    return loop.run_until_complete(coro)
  File "/opt/hostedtoolcache/Python/3.7.13/x64/lib/python3.7/asyncio/base_events.py", line 587, in run_until_complete
    return future.result()
  File "/opt/hostedtoolcache/Python/3.7.13/x64/lib/python3.7/site-packages/nbclient/client.py", line 664, in async_execute
    cell, index, execution_count=self.code_cells_executed + 1
  File "/opt/hostedtoolcache/Python/3.7.13/x64/lib/python3.7/site-packages/nbclient/client.py", line 965, in async_execute_cell
    await self._check_raise_for_error(cell, cell_index, exec_reply)
  File "/opt/hostedtoolcache/Python/3.7.13/x64/lib/python3.7/site-packages/nbclient/client.py", line 862, in _check_raise_for_error
    raise CellExecutionError.from_cell_and_msg(cell, exec_reply_content)
nbclient.exceptions.CellExecutionError: An error occurred while executing the following cell:
------------------
from datetime import datetime 

def my_decorator(func):
    def wrapper(*args, **kwargs):
        begin = datetime.now()
        func(*args, **kwargs)
        difference = (datetime.now()-begin)
        print('Кількість часу витраченого на виконання функції. Секунд -',difference.seconds,' Микросекунд -', difference.microseconds)
    return wrapper 


def concat2(a,b):
    return a+b

def concat3(a,b,c):
    return a+b+c


concat2, concat3 = my_decorator(concat2), my_decorator(concat3)

a = input('Введіте перший рядок')
b = input('Введите другий рядок')
c = input('Введите третій рядок')

concat2(a,b)
concat3(a,b,c)
------------------

[0;31m---------------------------------------------------------------------------[0m
[0;31mStdinNotImplementedError[0m                  Traceback (most recent call last)
[0;32m/tmp/ipykernel_1955/3723476717.py[0m in [0;36m<module>[0;34m[0m
[1;32m     19[0m [0mconcat2[0m[0;34m,[0m [0mconcat3[0m [0;34m=[0m [0mmy_decorator[0m[0;34m([0m[0mconcat2[0m[0;34m)[0m[0;34m,[0m [0mmy_decorator[0m[0;34m([0m[0mconcat3[0m[0;34m)[0m[0;34m[0m[0;34m[0m[0m
[1;32m     20[0m [0;34m[0m[0m
[0;32m---> 21[0;31m [0ma[0m [0;34m=[0m [0minput[0m[0;34m([0m[0;34m'Введіте перший рядок'[0m[0;34m)[0m[0;34m[0m[0;34m[0m[0m
[0m[1;32m     22[0m [0mb[0m [0;34m=[0m [0minput[0m[0;34m([0m[0;34m'Введите другий рядок'[0m[0;34m)[0m[0;34m[0m[0;34m[0m[0m
[1;32m     23[0m [0mc[0m [0;34m=[0m [0minput[0m[0;34m([0m[0;34m'Введите третій рядок'[0m[0;34m)[0m[0;34m[0m[0;34m[0m[0m

[0;32m/opt/hostedtoolcache/Python/3.7.13/x64/lib/python3.7/site-packages/ipykernel/kernelbase.py[0m in [0;36mraw_input[0;34m(self, prompt)[0m
[1;32m   1173[0m         [0;32mif[0m [0;32mnot[0m [0mself[0m[0;34m.[0m[0m_allow_stdin[0m[0;34m:[0m[0;34m[0m[0;34m[0m[0m
[1;32m   1174[0m             raise StdinNotImplementedError(
[0;32m-> 1175[0;31m                 [0;34m"raw_input was called, but this frontend does not support input requests."[0m[0;34m[0m[0;34m[0m[0m
[0m[1;32m   1176[0m             )
[1;32m   1177[0m         return self._input_request(

[0;31mStdinNotImplementedError[0m: raw_input was called, but this frontend does not support input requests.
StdinNotImplementedError: raw_input was called, but this frontend does not support input requests.

